<?xml version="1.0" encoding="UTF-8"?>
<!-- Generated by org.testng.reporters.JUnitReportReporter -->
<testsuite hostname="PC-qiaojiafei" name="com.core.testcase.TestLogin" tests="1" failures="0" timestamp="24 Feb 2016 09:11:52 GMT" time="33.987" errors="0">
  <testcase name="testlogin" time="33.987" classname="com.core.testcase.TestLogin"/>
</testsuite> <!-- com.core.testcase.TestLogin -->
