<?xml version="1.0" encoding="UTF-8"?>
<!-- Generated by org.testng.reporters.JUnitReportReporter -->
<testsuite hostname="PC-qiaojiafei" name="com.core.testcase.TestLogin" tests="1" failures="0" timestamp="29 Feb 2016 03:06:04 GMT" time="8.078" errors="0">
  <testcase name="testlogin" time="8.078" classname="com.core.testcase.TestLogin"/>
</testsuite> <!-- com.core.testcase.TestLogin -->
