<?xml version="1.0" encoding="UTF-8"?>
<!-- Generated by org.testng.reporters.JUnitReportReporter -->
<testsuite hostname="PC-qiaojiafei" name="com.core.testcase.TestLogin" tests="2" failures="0" timestamp="25 Feb 2016 04:24:50 GMT" time="6.424" errors="0">
  <testcase name="testlogin" time="3.228" classname="com.core.testcase.TestLogin"/>
  <testcase name="testlogin" time="3.196" classname="com.core.testcase.TestLogin"/>
</testsuite> <!-- com.core.testcase.TestLogin -->
