<?xml version="1.0" encoding="UTF-8"?>
<!-- Generated by org.testng.reporters.JUnitReportReporter -->
<testsuite hostname="PC-qiaojiafei" name="com.core.testcase.TestLogin" tests="1" failures="0" timestamp="26 Feb 2016 10:33:36 GMT" time="10.118" errors="0">
  <testcase name="testlogin" time="10.118" classname="com.core.testcase.TestLogin"/>
</testsuite> <!-- com.core.testcase.TestLogin -->
